<?xml version="1.0" encoding="UTF-8"?>
<testng-results skipped="0" failed="0" ignored="0" total="1" passed="1">
  <reporter-output>
    <line>
      <![CDATA[Extent Report directory: C:\Users\Ankita Singh\IdeaProjects\automation2\automation-march2017\AmazonTest\target\surefire-reports\html]]>
    </line>
    <line>
      <![CDATA[Epic: Amazon2Test AC:1,2 <a https://peoplentch.atlassian.net/browse/GREEN-7> GREEN-7 </a>]]>
    </line>
    <line>
      <![CDATA[Launch local browser Instance]]>
    </line>
    <line>
      <![CDATA[AddToCart: search Item]]>
    </line>
  </reporter-output>
  <suite name="AmazonTest" duration-ms="30432" started-at="2017-05-28T22:45:16Z" finished-at="2017-05-28T22:45:46Z">
    <groups>
    </groups>
    <test name="Amazon Test1" duration-ms="30432" started-at="2017-05-28T22:45:16Z" finished-at="2017-05-28T22:45:46Z">
      <class name="amazonTest.AmazonTestClass">
        <test-method status="PASS" signature="extentSetup(org.testng.ITestContext)[pri:0, instance:amazonTest.AmazonTestClass@327471b5]" name="extentSetup" is-config="true" duration-ms="287" started-at="2017-05-28T18:45:15Z" finished-at="2017-05-28T18:45:16Z">
          <params>
            <param index="0">
              <value>
                <![CDATA[org.testng.TestRunner@6c3f5566]]>
              </value>
            </param>
          </params>
          <reporter-output>
            <line>
              <![CDATA[Extent Report directory: C:\Users\Ankita Singh\IdeaProjects\automation2\automation-march2017\AmazonTest\target\surefire-reports\html]]>
            </line>
          </reporter-output>
        </test-method> <!-- extentSetup -->
        <test-method status="PASS" signature="setUp(boolean, java.lang.String, java.lang.String, java.lang.String, java.lang.String, java.lang.String, java.lang.String)[pri:0, instance:amazonTest.AmazonTestClass@327471b5]" name="setUp" is-config="true" duration-ms="11875" started-at="2017-05-28T18:45:16Z" finished-at="2017-05-28T18:45:27Z">
          <params>
            <param index="0">
              <value>
                <![CDATA[false]]>
              </value>
            </param>
            <param index="1">
              <value>
                <![CDATA[browserstack]]>
              </value>
            </param>
            <param index="2">
              <value>
                <![CDATA[Windows]]>
              </value>
            </param>
            <param index="3">
              <value>
                <![CDATA[10]]>
              </value>
            </param>
            <param index="4">
              <value>
                <![CDATA[firefox]]>
              </value>
            </param>
            <param index="5">
              <value>
                <![CDATA[53.0]]>
              </value>
            </param>
            <param index="6">
              <value>
                <![CDATA[http://amazon.com]]>
              </value>
            </param>
          </params>
          <reporter-output>
          </reporter-output>
        </test-method> <!-- setUp -->
        <test-method status="PASS" signature="startExtent(java.lang.reflect.Method)[pri:0, instance:amazonTest.AmazonTestClass@327471b5]" name="startExtent" is-config="true" duration-ms="13" started-at="2017-05-28T18:45:27Z" finished-at="2017-05-28T18:45:27Z">
          <params>
            <param index="0">
              <value>
                <![CDATA[public void amazonTest.AmazonTestClass.addcart() throws java.lang.InterruptedException]]>
              </value>
            </param>
          </params>
          <reporter-output>
          </reporter-output>
        </test-method> <!-- startExtent -->
        <test-method status="PASS" signature="addcart()[pri:1, instance:amazonTest.AmazonTestClass@327471b5]" name="addcart" duration-ms="16348" started-at="2017-05-28T18:45:27Z" finished-at="2017-05-28T18:45:44Z">
          <reporter-output>
            <line>
              <![CDATA[Epic: Amazon2Test AC:1,2 <a https://peoplentch.atlassian.net/browse/GREEN-7> GREEN-7 </a>]]>
            </line>
            <line>
              <![CDATA[Launch local browser Instance]]>
            </line>
            <line>
              <![CDATA[AddToCart: search Item]]>
            </line>
          </reporter-output>
        </test-method> <!-- addcart -->
        <test-method status="PASS" signature="afterEachTestMethod(org.testng.ITestResult)[pri:0, instance:amazonTest.AmazonTestClass@327471b5]" name="afterEachTestMethod" is-config="true" duration-ms="2180" started-at="2017-05-28T18:45:44Z" finished-at="2017-05-28T18:45:46Z">
          <params>
            <param index="0">
              <value>
                <![CDATA[[TestResult name=addcart status=SUCCESS method=AmazonTestClass.addcart()[pri:1, instance:amazonTest.AmazonTestClass@327471b5] output=Epic: Amazon2Test AC:1,2 <a https://peoplentch.atlassian.net/browse/GREEN-7> GREEN-7 </a>]]]>
              </value>
            </param>
          </params>
          <reporter-output>
          </reporter-output>
        </test-method> <!-- afterEachTestMethod -->
        <test-method status="PASS" signature="cleanUp()[pri:0, instance:amazonTest.AmazonTestClass@327471b5]" name="cleanUp" is-config="true" duration-ms="1" started-at="2017-05-28T18:45:46Z" finished-at="2017-05-28T18:45:46Z">
          <reporter-output>
          </reporter-output>
        </test-method> <!-- cleanUp -->
        <test-method status="PASS" signature="generateReport()[pri:0, instance:amazonTest.AmazonTestClass@327471b5]" name="generateReport" is-config="true" duration-ms="149" started-at="2017-05-28T18:45:46Z" finished-at="2017-05-28T18:45:46Z">
          <reporter-output>
          </reporter-output>
        </test-method> <!-- generateReport -->
      </class> <!-- amazonTest.AmazonTestClass -->
    </test> <!-- Amazon Test1 -->
  </suite> <!-- AmazonTest -->
</testng-results>
