<?xml version="1.0" encoding="UTF-8"?>
<testng-results skipped="0" failed="0" ignored="0" total="1" passed="1">
  <reporter-output>
    <line>
      <![CDATA[Extent Report directory: C:\Users\Ankita Singh\IdeaProjects\automation2\automation-march2017\USPSPostal\target\surefire-reports\html]]>
    </line>
    <line>
      <![CDATA[Epic: EbayTestHome AC:1,2 <a https://peoplentch.atlassian.net/browse/GREEN-7> GREEN-7 </a>]]>
    </line>
    <line>
      <![CDATA[Launch local browser Instance]]>
    </line>
    <line>
      <![CDATA[UspsHomeClass: selectmailandship]]>
    </line>
    <line>
      <![CDATA[CalculatePriceClass: select Source]]>
    </line>
    <line>
      <![CDATA[CalculatePriceClass: selectdestination]]>
    </line>
    <line>
      <![CDATA[CalculatePriceClass: select Shipping Date]]>
    </line>
    <line>
      <![CDATA[CalculatePriceClass: selectcheckgt]]>
    </line>
    <line>
      <![CDATA[CalculatePriceClass: selectprice]]>
    </line>
    <line>
      <![CDATA[CalculatePriceClass: set Pounds]]>
    </line>
    <line>
      <![CDATA[CalculatePriceClass: set Largenvelope]]>
    </line>
  </reporter-output>
  <suite name="USPS" duration-ms="59574" started-at="2017-05-28T16:15:12Z" finished-at="2017-05-28T16:16:11Z">
    <groups>
    </groups>
    <test name="USPS Home" duration-ms="59574" started-at="2017-05-28T16:15:12Z" finished-at="2017-05-28T16:16:11Z">
      <class name="UspsTest.UspsTestClass">
        <test-method status="PASS" signature="extentSetup(org.testng.ITestContext)[pri:0, instance:UspsTest.UspsTestClass@327471b5]" name="extentSetup" is-config="true" duration-ms="331" started-at="2017-05-28T12:15:11Z" finished-at="2017-05-28T12:15:12Z">
          <params>
            <param index="0">
              <value>
                <![CDATA[org.testng.TestRunner@16267862]]>
              </value>
            </param>
          </params>
          <reporter-output>
            <line>
              <![CDATA[Extent Report directory: C:\Users\Ankita Singh\IdeaProjects\automation2\automation-march2017\USPSPostal\target\surefire-reports\html]]>
            </line>
          </reporter-output>
        </test-method> <!-- extentSetup -->
        <test-method status="PASS" signature="setUp(boolean, java.lang.String, java.lang.String, java.lang.String, java.lang.String, java.lang.String, java.lang.String)[pri:0, instance:UspsTest.UspsTestClass@327471b5]" name="setUp" is-config="true" duration-ms="22435" started-at="2017-05-28T12:15:12Z" finished-at="2017-05-28T12:15:34Z">
          <params>
            <param index="0">
              <value>
                <![CDATA[false]]>
              </value>
            </param>
            <param index="1">
              <value>
                <![CDATA[browserstack]]>
              </value>
            </param>
            <param index="2">
              <value>
                <![CDATA[Windows]]>
              </value>
            </param>
            <param index="3">
              <value>
                <![CDATA[10]]>
              </value>
            </param>
            <param index="4">
              <value>
                <![CDATA[firefox]]>
              </value>
            </param>
            <param index="5">
              <value>
                <![CDATA[53.0]]>
              </value>
            </param>
            <param index="6">
              <value>
                <![CDATA[https://www.usps.com/]]>
              </value>
            </param>
          </params>
          <reporter-output>
          </reporter-output>
        </test-method> <!-- setUp -->
        <test-method status="PASS" signature="startExtent(java.lang.reflect.Method)[pri:0, instance:UspsTest.UspsTestClass@327471b5]" name="startExtent" is-config="true" duration-ms="15" started-at="2017-05-28T12:15:34Z" finished-at="2017-05-28T12:15:34Z">
          <params>
            <param index="0">
              <value>
                <![CDATA[public void UspsTest.UspsTestClass.callHome()]]>
              </value>
            </param>
          </params>
          <reporter-output>
          </reporter-output>
        </test-method> <!-- startExtent -->
        <test-method status="PASS" signature="callHome()[pri:0, instance:UspsTest.UspsTestClass@327471b5]" name="callHome" duration-ms="35402" started-at="2017-05-28T12:15:34Z" finished-at="2017-05-28T12:16:09Z">
          <reporter-output>
            <line>
              <![CDATA[Epic: EbayTestHome AC:1,2 <a https://peoplentch.atlassian.net/browse/GREEN-7> GREEN-7 </a>]]>
            </line>
            <line>
              <![CDATA[Launch local browser Instance]]>
            </line>
            <line>
              <![CDATA[UspsHomeClass: selectmailandship]]>
            </line>
            <line>
              <![CDATA[CalculatePriceClass: select Source]]>
            </line>
            <line>
              <![CDATA[CalculatePriceClass: selectdestination]]>
            </line>
            <line>
              <![CDATA[CalculatePriceClass: select Shipping Date]]>
            </line>
            <line>
              <![CDATA[CalculatePriceClass: selectcheckgt]]>
            </line>
            <line>
              <![CDATA[CalculatePriceClass: selectprice]]>
            </line>
            <line>
              <![CDATA[CalculatePriceClass: set Pounds]]>
            </line>
            <line>
              <![CDATA[CalculatePriceClass: set Largenvelope]]>
            </line>
          </reporter-output>
        </test-method> <!-- callHome -->
        <test-method status="PASS" signature="afterEachTestMethod(org.testng.ITestResult)[pri:0, instance:UspsTest.UspsTestClass@327471b5]" name="afterEachTestMethod" is-config="true" duration-ms="1708" started-at="2017-05-28T12:16:09Z" finished-at="2017-05-28T12:16:11Z">
          <params>
            <param index="0">
              <value>
                <![CDATA[[TestResult name=callHome status=SUCCESS method=UspsTestClass.callHome()[pri:0, instance:UspsTest.UspsTestClass@327471b5] output=Epic: EbayTestHome AC:1,2 <a https://peoplentch.atlassian.net/browse/GREEN-7> GREEN-7 </a>]]]>
              </value>
            </param>
          </params>
          <reporter-output>
          </reporter-output>
        </test-method> <!-- afterEachTestMethod -->
        <test-method status="PASS" signature="cleanUp()[pri:0, instance:UspsTest.UspsTestClass@327471b5]" name="cleanUp" is-config="true" duration-ms="0" started-at="2017-05-28T12:16:11Z" finished-at="2017-05-28T12:16:11Z">
          <reporter-output>
          </reporter-output>
        </test-method> <!-- cleanUp -->
        <test-method status="PASS" signature="generateReport()[pri:0, instance:UspsTest.UspsTestClass@327471b5]" name="generateReport" is-config="true" duration-ms="131" started-at="2017-05-28T12:16:11Z" finished-at="2017-05-28T12:16:11Z">
          <reporter-output>
          </reporter-output>
        </test-method> <!-- generateReport -->
      </class> <!-- UspsTest.UspsTestClass -->
    </test> <!-- USPS Home -->
  </suite> <!-- USPS -->
</testng-results>
