<?xml version="1.0" encoding="UTF-8"?>
<testng-results skipped="0" failed="0" ignored="0" total="1" passed="1">
  <reporter-output>
    <line>
      <![CDATA[Extent Report directory: C:\Users\Ankita Singh\IdeaProjects\automation2\automation-march2017\MortgageCalculator\target\surefire-reports\html]]>
    </line>
    <line>
      <![CDATA[Epic: Amazon2Test AC:1,2 <a https://peoplentch.atlassian.net/browse/GREEN-7> GREEN-7 </a>]]>
    </line>
    <line>
      <![CDATA[Launch local browser Instance]]>
    </line>
    <line>
      <![CDATA[Calculate: calculate]]>
    </line>
  </reporter-output>
  <suite name="Mortgage" duration-ms="28468" started-at="2017-05-28T22:28:34Z" finished-at="2017-05-28T22:29:03Z">
    <groups>
    </groups>
    <test name="Mortgage Calculator" duration-ms="28468" started-at="2017-05-28T22:28:34Z" finished-at="2017-05-28T22:29:03Z">
      <class name="mortgageTest.MortgageTest">
        <test-method status="PASS" signature="extentSetup(org.testng.ITestContext)[pri:0, instance:mortgageTest.MortgageTest@327471b5]" name="extentSetup" is-config="true" duration-ms="232" started-at="2017-05-28T18:28:34Z" finished-at="2017-05-28T18:28:34Z">
          <params>
            <param index="0">
              <value>
                <![CDATA[org.testng.TestRunner@6a396c1e]]>
              </value>
            </param>
          </params>
          <reporter-output>
            <line>
              <![CDATA[Extent Report directory: C:\Users\Ankita Singh\IdeaProjects\automation2\automation-march2017\MortgageCalculator\target\surefire-reports\html]]>
            </line>
          </reporter-output>
        </test-method> <!-- extentSetup -->
        <test-method status="PASS" signature="setUp(boolean, java.lang.String, java.lang.String, java.lang.String, java.lang.String, java.lang.String, java.lang.String)[pri:0, instance:mortgageTest.MortgageTest@327471b5]" name="setUp" is-config="true" duration-ms="13503" started-at="2017-05-28T18:28:34Z" finished-at="2017-05-28T18:28:48Z">
          <params>
            <param index="0">
              <value>
                <![CDATA[false]]>
              </value>
            </param>
            <param index="1">
              <value>
                <![CDATA[browserstack]]>
              </value>
            </param>
            <param index="2">
              <value>
                <![CDATA[Windows]]>
              </value>
            </param>
            <param index="3">
              <value>
                <![CDATA[10]]>
              </value>
            </param>
            <param index="4">
              <value>
                <![CDATA[firefox]]>
              </value>
            </param>
            <param index="5">
              <value>
                <![CDATA[53.0]]>
              </value>
            </param>
            <param index="6">
              <value>
                <![CDATA[http://www.mortgagecalculator.org/]]>
              </value>
            </param>
          </params>
          <reporter-output>
          </reporter-output>
        </test-method> <!-- setUp -->
        <test-method status="PASS" signature="startExtent(java.lang.reflect.Method)[pri:0, instance:mortgageTest.MortgageTest@327471b5]" name="startExtent" is-config="true" duration-ms="9" started-at="2017-05-28T18:28:48Z" finished-at="2017-05-28T18:28:48Z">
          <params>
            <param index="0">
              <value>
                <![CDATA[public void mortgageTest.MortgageTest.callCalculate() throws java.lang.InterruptedException]]>
              </value>
            </param>
          </params>
          <reporter-output>
          </reporter-output>
        </test-method> <!-- startExtent -->
        <test-method status="PASS" signature="callCalculate()[pri:0, instance:mortgageTest.MortgageTest@327471b5]" name="callCalculate" duration-ms="13239" started-at="2017-05-28T18:28:48Z" finished-at="2017-05-28T18:29:01Z">
          <reporter-output>
            <line>
              <![CDATA[Epic: Amazon2Test AC:1,2 <a https://peoplentch.atlassian.net/browse/GREEN-7> GREEN-7 </a>]]>
            </line>
            <line>
              <![CDATA[Launch local browser Instance]]>
            </line>
            <line>
              <![CDATA[Calculate: calculate]]>
            </line>
          </reporter-output>
        </test-method> <!-- callCalculate -->
        <test-method status="PASS" signature="afterEachTestMethod(org.testng.ITestResult)[pri:0, instance:mortgageTest.MortgageTest@327471b5]" name="afterEachTestMethod" is-config="true" duration-ms="1705" started-at="2017-05-28T18:29:01Z" finished-at="2017-05-28T18:29:03Z">
          <params>
            <param index="0">
              <value>
                <![CDATA[[TestResult name=callCalculate status=SUCCESS method=MortgageTest.callCalculate()[pri:0, instance:mortgageTest.MortgageTest@327471b5] output=Epic: Amazon2Test AC:1,2 <a https://peoplentch.atlassian.net/browse/GREEN-7> GREEN-7 </a>]]]>
              </value>
            </param>
          </params>
          <reporter-output>
          </reporter-output>
        </test-method> <!-- afterEachTestMethod -->
        <test-method status="PASS" signature="cleanUp()[pri:0, instance:mortgageTest.MortgageTest@327471b5]" name="cleanUp" is-config="true" duration-ms="0" started-at="2017-05-28T18:29:03Z" finished-at="2017-05-28T18:29:03Z">
          <reporter-output>
          </reporter-output>
        </test-method> <!-- cleanUp -->
        <test-method status="PASS" signature="generateReport()[pri:0, instance:mortgageTest.MortgageTest@327471b5]" name="generateReport" is-config="true" duration-ms="97" started-at="2017-05-28T18:29:03Z" finished-at="2017-05-28T18:29:03Z">
          <reporter-output>
          </reporter-output>
        </test-method> <!-- generateReport -->
      </class> <!-- mortgageTest.MortgageTest -->
    </test> <!-- Mortgage Calculator -->
  </suite> <!-- Mortgage -->
</testng-results>
